<?xml version="1.0" encoding="UTF-8"?>
<!-- Generated by org.testng.reporters.JUnitReportReporter -->
<testsuite hostname="LAPTOP-KNOK9DFK" name="runner.RunCuke" tests="2" failures="0" timestamp="7 Oct 2018 21:15:21 GMT" time="308.162" errors="0">
  <testcase name="feature" time="274.429" classname="runner.RunCuke"/>
  <testcase name="feature" time="33.733" classname="runner.RunCuke"/>
</testsuite> <!-- runner.RunCuke -->
